afservice/proguard-rules.pro
# Add project specific ProGuard rules here.
# You can control the set of applied configuration files using the
# proguardFiles setting in build.gradle.
#
# For more details, see
#   http://developer.android.com/guide/developing/tools/proguard.html
# Disable warnings from the following packages
-dontwarn okio.**
-dontwarn retrofit2.Platform$Java8
-dontwarn com.google.common.**
-dontwarn com.google.errorprone.annotations.**
# If your project uses WebView with JS, uncomment the following
# and specify the fully qualified class name to the JavaScript interface
# class:
#-keepclassmembers class fqcn.of.javascript.interface.for.webview {
#   public *;
#}

# Uncomment this to preserve the line number information for
# debugging stack traces.
#-keepattributes SourceFile,LineNumberTable

# If you keep the line number information, uncomment this to
# hide the original source file name.
#-renamesourcefileattribute SourceFile
-keep class com.google.common.base.Preconditions { *; }
-keep class android.arch.** { *; }
-keep class com.example.android.autofill.service.** { *; }