afservice/build/intermediates/proguard-rules/release/aapt_rules.txt
# Referenced at res/layout/activity_field_picker.xml:0
# Referenced at res/layout/dataset_field.xml:0
# Referenced at res/layout/dataset_suggestion.xml:0
# Referenced at res/layout/multidataset_service_auth_activity.xml:0
# Referenced at res/layout/multidataset_service_manual_activity.xml:0
-keep class android.support.constraint.ConstraintLayout { <init>(...); }

# Referenced at res/layout/design_bottom_navigation_item.xml:0
-keep class android.support.design.internal.BaselineLayout { <init>(...); }

# Referenced at res/layout/design_navigation_item.xml:0
-keep class android.support.design.internal.NavigationMenuItemView { <init>(...); }

# Referenced at res/layout/design_navigation_menu.xml:0
-keep class android.support.design.internal.NavigationMenuView { <init>(...); }

# Referenced at res/layout/design_layout_snackbar_include.xml:0
-keep class android.support.design.internal.SnackbarContentLayout { <init>(...); }

# Referenced at res/layout/design_text_input_password_icon.xml:0
-keep class android.support.design.widget.CheckableImageButton { <init>(...); }

# Referenced at res/layout/design_bottom_sheet_dialog.xml:0
-keep class android.support.design.widget.CoordinatorLayout { <init>(...); }

# Referenced at res/layout-sw600dp-v13/design_layout_snackbar.xml:0
# Referenced at res/layout/design_layout_snackbar.xml:0
-keep class android.support.design.widget.Snackbar$SnackbarLayout { <init>(...); }

# Referenced at res/layout/abc_alert_dialog_material.xml:0
# Referenced at res/layout/multidataset_service_settings_activity.xml:0
-keep class android.support.v4.widget.NestedScrollView { <init>(...); }

# Referenced at res/layout/abc_select_dialog_material.xml:0
-keep class android.support.v7.app.AlertController$RecycleListView { <init>(...); }

# Referenced at res/layout/abc_action_menu_item_layout.xml:0
-keep class android.support.v7.view.menu.ActionMenuItemView { <init>(...); }

# Referenced at res/layout/abc_expanded_menu_layout.xml:0
-keep class android.support.v7.view.menu.ExpandedMenuView { <init>(...); }

# Referenced at res/layout/abc_list_menu_item_layout.xml:0
# Referenced at res/layout/abc_popup_menu_item_layout.xml:0
-keep class android.support.v7.view.menu.ListMenuItemView { <init>(...); }

# Referenced at res/layout-v26/abc_screen_toolbar.xml:0
-keep class android.support.v7.widget.ActionBarContainer { <init>(...); }

# Referenced at res/layout-v26/abc_screen_toolbar.xml:0
# Referenced at res/layout/abc_action_mode_bar.xml:0
-keep class android.support.v7.widget.ActionBarContextView { <init>(...); }

# Referenced at res/layout-v26/abc_screen_toolbar.xml:0
-keep class android.support.v7.widget.ActionBarOverlayLayout { <init>(...); }

# Referenced at res/layout/abc_action_menu_layout.xml:0
-keep class android.support.v7.widget.ActionMenuView { <init>(...); }

# Referenced at res/layout/abc_activity_chooser_view.xml:0
-keep class android.support.v7.widget.ActivityChooserView$InnerLayout { <init>(...); }

# Referenced at res/layout/abc_alert_dialog_material.xml:0
-keep class android.support.v7.widget.AlertDialogLayout { <init>(...); }

# Referenced at res/layout-watch-v20/abc_alert_dialog_button_bar_material.xml:0
# Referenced at res/layout/abc_alert_dialog_button_bar_material.xml:0
-keep class android.support.v7.widget.ButtonBarLayout { <init>(...); }

# Referenced at res/layout/abc_screen_content_include.xml:0
-keep class android.support.v7.widget.ContentFrameLayout { <init>(...); }

# Referenced at res/layout-watch-v20/abc_alert_dialog_title_material.xml:0
# Referenced at res/layout/abc_alert_dialog_title_material.xml:0
-keep class android.support.v7.widget.DialogTitle { <init>(...); }

# Referenced at res/layout/abc_screen_simple_overlay_action_mode.xml:0
-keep class android.support.v7.widget.FitWindowsFrameLayout { <init>(...); }

# Referenced at res/layout/abc_dialog_title_material.xml:0
# Referenced at res/layout/abc_screen_simple.xml:0
-keep class android.support.v7.widget.FitWindowsLinearLayout { <init>(...); }

# Referenced at res/layout/activity_field_picker.xml:0
# Referenced at res/layout/multidataset_service_manual_activity.xml:0
-keep class android.support.v7.widget.RecyclerView { <init>(...); }

# Referenced at res/layout/abc_search_view.xml:0
-keep class android.support.v7.widget.SearchView$SearchAutoComplete { <init>(...); }

# Referenced at res/layout-v26/abc_screen_toolbar.xml:0
-keep class android.support.v7.widget.Toolbar { <init>(...); }

# Referenced at res/layout/abc_screen_simple.xml:0
# Referenced at res/layout/abc_screen_simple_overlay_action_mode.xml:0
-keep class android.support.v7.widget.ViewStubCompat { <init>(...); }

# Referenced at res/layout-watch-v20/abc_alert_dialog_title_material.xml:0
# Referenced at res/layout/abc_alert_dialog_button_bar_material.xml:0
# Referenced at res/layout/abc_alert_dialog_material.xml:0
# Referenced at res/layout/abc_alert_dialog_title_material.xml:0
-keep class android.widget.Space { <init>(...); }

# Referenced at full/release/AndroidManifest.xml:65
-keep class com.example.android.autofill.service.AuthActivity { <init>(...); }

# Referenced at full/release/AndroidManifest.xml:73
-keep class com.example.android.autofill.service.ManualActivity { <init>(...); }

# Referenced at full/release/AndroidManifest.xml:77
-keep class com.example.android.autofill.service.ManualFieldPickerActivity { <init>(...); }

# Referenced at full/release/AndroidManifest.xml:24
-keep class com.example.android.autofill.service.MyAutofillService { <init>(...); }

# Referenced at full/release/AndroidManifest.xml:86
-keep class com.example.android.autofill.service.settings.SettingsActivity { <init>(...); }

# Referenced at full/release/AndroidManifest.xml:36
-keep class com.example.android.autofill.service.simple.BasicService { <init>(...); }

# Referenced at full/release/AndroidManifest.xml:44
-keep class com.example.android.autofill.service.simple.DebugService { <init>(...); }

# Referenced at full/release/AndroidManifest.xml:56
-keep class com.example.android.autofill.service.simple.MultiStepsService { <init>(...); }

# Referenced at full/release/AndroidManifest.xml:69
-keep class com.example.android.autofill.service.simple.SimpleAuthActivity { <init>(...); }