afservice/build/outputs/mapping/release/seeds.txt
com.example.android.autofill.service.AuthActivity
com.example.android.autofill.service.AuthActivity: int sDatasetPendingIntentId
com.example.android.autofill.service.AuthActivity: com.example.android.autofill.service.data.source.local.LocalAutofillDataSource mLocalAutofillDataSource
com.example.android.autofill.service.AuthActivity: com.example.android.autofill.service.data.source.local.DigitalAssetLinksRepository mDalRepository
com.example.android.autofill.service.AuthActivity: android.widget.EditText mMasterPassword
com.example.android.autofill.service.AuthActivity: com.example.android.autofill.service.data.adapter.DatasetAdapter mDatasetAdapter
com.example.android.autofill.service.AuthActivity: com.example.android.autofill.service.data.adapter.ResponseAdapter mResponseAdapter
com.example.android.autofill.service.AuthActivity: com.example.android.autofill.service.data.ClientViewMetadata mClientViewMetadata
com.example.android.autofill.service.AuthActivity: java.lang.String mPackageName
com.example.android.autofill.service.AuthActivity: android.content.Intent mReplyIntent
com.example.android.autofill.service.AuthActivity: com.example.android.autofill.service.settings.MyPreferences mPreferences
com.example.android.autofill.service.AuthActivity: AuthActivity()
com.example.android.autofill.service.AuthActivity: android.content.IntentSender getAuthIntentSenderForResponse(android.content.Context)
com.example.android.autofill.service.AuthActivity$$Lambda$0
com.example.android.autofill.service.AuthActivity$$Lambda$0: com.example.android.autofill.service.AuthActivity arg$1
com.example.android.autofill.service.AuthActivity$$Lambda$0: AuthActivity$$Lambda$0(com.example.android.autofill.service.AuthActivity)
com.example.android.autofill.service.AuthActivity$$Lambda$0: void onClick(android.view.View)
com.example.android.autofill.service.AuthActivity$$Lambda$1
com.example.android.autofill.service.AuthActivity$$Lambda$1: com.example.android.autofill.service.AuthActivity arg$1
com.example.android.autofill.service.AuthActivity$$Lambda$1: AuthActivity$$Lambda$1(com.example.android.autofill.service.AuthActivity)
com.example.android.autofill.service.AuthActivity$$Lambda$1: void onClick(android.view.View)
com.example.android.autofill.service.AuthActivity$1
com.example.android.autofill.service.AuthActivity$1: com.example.android.autofill.service.ClientParser val$clientParser
com.example.android.autofill.service.AuthActivity$1: boolean val$forResponse
com.example.android.autofill.service.AuthActivity$1: android.content.Intent val$intent
com.example.android.autofill.service.AuthActivity$1: com.example.android.autofill.service.AuthActivity this$0
com.example.android.autofill.service.AuthActivity$1: AuthActivity$1(com.example.android.autofill.service.AuthActivity,com.example.android.autofill.service.ClientParser,boolean,android.content.Intent)
com.example.android.autofill.service.AuthActivity$1: void onLoaded(java.util.HashMap)
com.example.android.autofill.service.AuthActivity$1: void onDataNotAvailable(java.lang.String,java.lang.Object[])
com.example.android.autofill.service.AuthActivity$1: void onLoaded(java.lang.Object)
com.example.android.autofill.service.AuthActivity$2
com.example.android.autofill.service.AuthActivity$2: java.util.HashMap val$fieldTypesByAutofillHint
com.example.android.autofill.service.AuthActivity$2: com.example.android.autofill.service.AuthActivity this$0
com.example.android.autofill.service.AuthActivity$2: AuthActivity$2(com.example.android.autofill.service.AuthActivity,java.util.HashMap)
com.example.android.autofill.service.AuthActivity$2: void onLoaded(com.example.android.autofill.service.model.DatasetWithFilledAutofillFields)
com.example.android.autofill.service.AuthActivity$2: void onDataNotAvailable(java.lang.String,java.lang.Object[])
com.example.android.autofill.service.AuthActivity$2: void onLoaded(java.lang.Object)
...
android.support.design.chip.R$anim: int abc_fade_in
android.support.design.chip.R$anim: int abc_fade_out
android.support.design.chip.R$anim: int abc_grow_fade_in_from_bottom
android.support.design.chip.R$anim: int abc_popup_enter
android.support.design.chip.R$anim: int abc_popup_exit
android.support.design.chip.R$anim: int abc_shrink_fade_out_from_bottom
android.support.design.chip.R$anim: int abc_slide_in_bottom
android.support.design.chip.R$anim: int abc_slide_in_top
android.support.design.chip.R$anim: int abc_slide_out_bottom
android.support.design.chip.R$anim: int abc_slide_out_top
android.support.design.chip.R$anim: int abc_tooltip_enter
android.support.design.chip.R$anim: int abc_tooltip_exit
android.support.design.chip.R$animator: int mtrl_chip_state_list_anim
android.support.design.chip.R$attr: int actionBarDivider
android.support.design.chip.R$attr: int actionBarItemBackground
android.support.design.chip.R$attr: int actionBarPopupTheme
android.support.design.chip.R$attr: int actionBarSize
android.support.design.chip.R$attr: int actionBarSplitStyle
android.support.design.chip.R$attr: int actionBarStyle
android.support.design.chip.R$attr: int actionBarTabBarStyle
android.support.design.chip.R$attr: int actionBarTabStyle
android.support.design.chip.R$attr: int actionBarTabTextStyle
android.support.design.chip.R$attr: int actionBarTheme
android.support.design.chip.R$attr: int actionBarWidgetTheme
android.support.design.chip.R$attr: int actionButtonStyle
android.support.design.chip.R$attr: int actionDropDownStyle
android.support.design.chip.R$attr: int actionLayout
android.support.design.chip.R$attr: int actionMenuTextAppearance
android.support.design.chip.R$attr: int actionMenuTextColor
android.support.design.chip.R$attr: int actionModeBackground
android.support.design.chip.R$attr: int actionModeCloseButtonStyle
android.support.design.chip.R$attr: int actionModeCloseDrawable
android.support.design.chip.R$attr: int actionModeCopyDrawable
android.support.design.chip.R$attr: int actionModeCutDrawable
android.support.design.chip.R$attr: int actionModeFindDrawable
android.support.design.chip.R$attr: int actionModePasteDrawable
android.support.design.chip.R$attr: int actionModePopupWindowStyle
android.support.design.chip.R$bool: int abc_action_bar_embed_tabs
android.support.design.chip.R$bool: int abc_allow_stacked_button_bar
android.support.design.chip.R$bool: int abc_config_actionMenuItemAllCaps
android.support.design.chip.R$bool: int abc_config_showMenuShortcutsWhenKeyboardPresent