afservice/build/outputs/mapping/release/mapping.txt
com.example.android.autofill.service.AuthActivity -> com.example.android.autofill.service.AuthActivity:
    int sDatasetPendingIntentId -> sDatasetPendingIntentId
    com.example.android.autofill.service.data.source.local.LocalAutofillDataSource mLocalAutofillDataSource -> mLocalAutofillDataSource
    com.example.android.autofill.service.data.source.local.DigitalAssetLinksRepository mDalRepository -> mDalRepository
    android.widget.EditText mMasterPassword -> mMasterPassword
    com.example.android.autofill.service.data.adapter.DatasetAdapter mDatasetAdapter -> mDatasetAdapter
    com.example.android.autofill.service.data.adapter.ResponseAdapter mResponseAdapter -> mResponseAdapter
    com.example.android.autofill.service.data.ClientViewMetadata mClientViewMetadata -> mClientViewMetadata
    java.lang.String mPackageName -> mPackageName
    android.content.Intent mReplyIntent -> mReplyIntent
    com.example.android.autofill.service.settings.MyPreferences mPreferences -> mPreferences
    void <init>() -> <init>
    android.content.IntentSender getAuthIntentSenderForResponse(android.content.Context) -> getAuthIntentSenderForResponse
    android.content.IntentSender getAuthIntentSenderForDataset(android.content.Context,java.lang.String) -> getAuthIntentSenderForDataset
    void onCreate(android.os.Bundle) -> onCreate
    void login() -> login
    void finish() -> finish
    void onFailure() -> onFailure
    void onSuccess() -> onSuccess
com.example.android.autofill.service.AuthActivity$$Lambda$0 -> com.example.android.autofill.service.AuthActivity$$Lambda$0:
    com.example.android.autofill.service.AuthActivity arg$1 -> arg$1
    void <init>(com.example.android.autofill.service.AuthActivity) -> <init>
    void onClick(android.view.View) -> onClick
com.example.android.autofill.service.AuthActivity$$Lambda$1 -> com.example.android.autofill.service.AuthActivity$$Lambda$1:
    com.example.android.autofill.service.AuthActivity arg$1 -> arg$1
    void <init>(com.example.android.autofill.service.AuthActivity) -> <init>
    void onClick(android.view.View) -> onClick
com.example.android.autofill.service.AuthActivity$1 -> com.example.android.autofill.service.AuthActivity$1:
    com.example.android.autofill.service.ClientParser val$clientParser -> val$clientParser
    boolean val$forResponse -> val$forResponse
    android.content.Intent val$intent -> val$intent
    com.example.android.autofill.service.AuthActivity this$0 -> this$0
    void <init>(com.example.android.autofill.service.AuthActivity,com.example.android.autofill.service.ClientParser,boolean,android.content.Intent) -> <init>
    void onLoaded(java.util.HashMap) -> onLoaded
    void onDataNotAvailable(java.lang.String,java.lang.Object[]) -> onDataNotAvailable
    void onLoaded(java.lang.Object) -> onLoaded
com.example.android.autofill.service.AuthActivity$2 -> com.example.android.autofill.service.AuthActivity$2:
    java.util.HashMap val$fieldTypesByAutofillHint -> val$fieldTypesByAutofillHint
    com.example.android.autofill.service.AuthActivity this$0 -> this$0
    void <init>(com.example.android.autofill.service.AuthActivity,java.util.HashMap) -> <init>
    void onLoaded(com.example.android.autofill.service.model.DatasetWithFilledAutofillFields) -> onLoaded
    void onDataNotAvailable(java.lang.String,java.lang.Object[]) -> onDataNotAvailable
    void onLoaded(java.lang.Object) -> onLoaded
com.example.android.autofill.service.AuthActivity$3 -> com.example.android.autofill.service.AuthActivity$3:
    java.util.HashMap val$fieldTypesByAutofillHint -> val$fieldTypesByAutofillHint
    com.example.android.autofill.service.AuthActivity this$0 -> this$0
    void <init>(com.example.android.autofill.service.AuthActivity,java.util.HashMap) -> <init>
    void onLoaded(java.util.List) -> onLoaded
    void onDataNotAvailable(java.lang.String,java.lang.Object[]) -> onDataNotAvailable
    void onLoaded(java.lang.Object) -> onLoaded
...
android.support.transition.AnimatorUtils -> android.support.transition.a:
    android.support.transition.AnimatorUtilsImpl IMPL -> a
    void addPauseListener(android.animation.Animator,android.animation.AnimatorListenerAdapter) -> a
    void pause(android.animation.Animator) -> a
    void resume(android.animation.Animator) -> b
    void <clinit>() -> <clinit>
android.support.transition.AnimatorUtilsApi14 -> android.support.transition.b:
    void <init>() -> <init>
    void addPauseListener(android.animation.Animator,android.animation.AnimatorListenerAdapter) -> a
    void pause(android.animation.Animator) -> a
    void resume(android.animation.Animator) -> b
android.support.transition.AnimatorUtilsApi14$AnimatorPauseListenerCompat -> android.support.transition.b$a:
    void onAnimationPause(android.animation.Animator) -> onAnimationPause
    void onAnimationResume(android.animation.Animator) -> onAnimationResume
android.support.transition.AnimatorUtilsApi19 -> android.support.transition.c:
    void <init>() -> <init>
    void addPauseListener(android.animation.Animator,android.animation.AnimatorListenerAdapter) -> a
    void pause(android.animation.Animator) -> a
    void resume(android.animation.Animator) -> b
android.support.transition.AnimatorUtilsImpl -> android.support.transition.d:
    void addPauseListener(android.animation.Animator,android.animation.AnimatorListenerAdapter) -> a
    void pause(android.animation.Animator) -> a
    void resume(android.animation.Animator) -> b
android.support.transition.AutoTransition -> android.support.transition.e:
    void <init>() -> <init>
    void init() -> p
android.support.transition.ChangeBounds -> android.support.transition.f:
    java.lang.String[] sTransitionProperties -> g
    android.util.Property DRAWABLE_ORIGIN_PROPERTY -> h
    android.util.Property TOP_LEFT_PROPERTY -> i
    android.util.Property BOTTOM_RIGHT_PROPERTY -> j
    android.util.Property BOTTOM_RIGHT_ONLY_PROPERTY -> k
    android.util.Property TOP_LEFT_ONLY_PROPERTY -> l
    android.util.Property POSITION_PROPERTY -> m
    int[] mTempLocation -> n
    boolean mResizeClip -> o
    boolean mReparent -> p
    android.support.transition.RectEvaluator sRectEvaluator -> q
    void <init>() -> <init>
    java.lang.String[] getTransitionProperties() -> a
    void captureValues(android.support.transition.TransitionValues) -> d
    void captureStartValues(android.support.transition.TransitionValues) -> a
    void captureEndValues(android.support.transition.TransitionValues) -> b
    boolean parentMatches(android.view.View,android.view.View) -> a
    android.animation.Animator createAnimator(android.view.ViewGroup,android.support.transition.TransitionValues,android.support.transition.TransitionValues) -> a
    void <clinit>() -> <clinit>
android.support.transition.ChangeBounds$1 -> android.support.transition.f$1:
    android.graphics.Rect mBounds -> a
    void <init>(java.lang.Class,java.lang.String) -> <init>
    void set(android.graphics.drawable.Drawable,android.graphics.PointF) -> a
    android.graphics.PointF get(android.graphics.drawable.Drawable) -> a
    java.lang.Object get(java.lang.Object) -> get
    void set(java.lang.Object,java.lang.Object) -> set
android.support.transition.ChangeBounds$10 -> android.support.transition.f$2:
    android.view.ViewGroup val$sceneRoot -> a
    android.graphics.drawable.BitmapDrawable val$drawable -> b
    android.view.View val$view -> c
    float val$transitionAlpha -> d
    android.support.transition.ChangeBounds this$0 -> e
    void <init>(android.support.transition.ChangeBounds,android.view.ViewGroup,android.graphics.drawable.BitmapDrawable,android.view.View,float) -> <init>
    void onAnimationEnd(android.animation.Animator) -> onAnimationEnd