afservice/build/outputs/mapping/release/usage.txt
android.support.design.transformation.ExpandableBehavior:
    private static final int STATE_UNINITIALIZED
    private static final int STATE_EXPANDED
    private static final int STATE_COLLAPSED
    156:165:public static android.support.design.transformation.ExpandableBehavior from(android.view.View,java.lang.Class)
android.support.design.transformation.FabTransformationScrimBehavior:
    public static final long EXPAND_DELAY
    public static final long EXPAND_DURATION
    public static final long COLLAPSE_DELAY
    public static final long COLLAPSE_DURATION
android.support.design.transformation.R:
    9:9:public R()
android.support.design.transformation.R$anim
android.support.design.transformation.R$animator:
    28:28:public R$animator()
android.support.design.transformation.R$attr
android.support.design.transformation.R$bool
android.support.design.transformation.R$color
android.support.design.transformation.R$dimen
android.support.design.transformation.R$drawable
android.support.design.transformation.R$id:
    1003:1003:public R$id()
android.support.design.transformation.R$integer
android.support.design.transformation.R$interpolator
android.support.design.transformation.R$layout
android.support.design.transformation.R$string
android.support.design.transformation.R$style
android.support.design.transformation.R$styleable
android.support.design.transformation.TransformationChildCard:
    35:36:public TransformationChildCard(android.content.Context)
    39:40:public TransformationChildCard(android.content.Context,android.util.AttributeSet)
android.support.design.transformation.TransformationChildLayout:
    36:37:public TransformationChildLayout(android.content.Context)
    40:41:public TransformationChildLayout(android.content.Context,android.util.AttributeSet)
android.support.design.typography.R
android.support.design.typography.R$anim
android.support.design.typography.R$attr
android.support.design.typography.R$bool
android.support.design.typography.R$color
android.support.design.typography.R$dimen
android.support.design.typography.R$drawable
android.support.design.typography.R$id
android.support.design.typography.R$integer
android.support.design.typography.R$layout
android.support.design.typography.R$string
android.support.design.typography.R$style
android.support.design.typography.R$styleable
android.support.design.widget.AppBarLayout:
    static final int PENDING_ACTION_NONE
    static final int PENDING_ACTION_EXPANDED
    static final int PENDING_ACTION_COLLAPSED
    static final int PENDING_ACTION_ANIMATE_ENABLED
    static final int PENDING_ACTION_FORCE
    private static final int INVALID_SCROLL_RANGE
    150:151:public AppBarLayout(android.content.Context)
    132:204:public AppBarLayout(android.content.Context,android.util.AttributeSet)
    213:219:public void addOnOffsetChangedListener(android.support.design.widget.AppBarLayout$OnOffsetChangedListener)
    227:230:public void removeOnOffsetChangedListener(android.support.design.widget.AppBarLayout$OnOffsetChangedListener)
    587:600:android.support.v4.view.WindowInsetsCompat onWindowInsetChanged(android.support.v4.view.WindowInsetsCompat)
android.support.design.widget.AppBarLayout$1
android.support.design.widget.AppBarLayout$Behavior:
    private static final int MAX_OFFSET_ANIMATION_DURATION
    private static final int INVALID_POSITION
    914:915:public void setDragCallback(android.support.design.widget.AppBarLayout$Behavior$DragCallback)
    1204:1204:boolean isOffsetAnimatorRunning()
    770:770:public bridge synthetic int getLeftAndRightOffset()
    770:770:public bridge synthetic boolean setLeftAndRightOffset(int)
android.support.design.widget.AppBarLayout$Behavior$DragCallback:
    775:775:public AppBarLayout$Behavior$DragCallback()